SF:lib/utils/distance_utils.dart
DA:5,2
DA:10,1
DA:15,3
DA:16,3
DA:20,1
DA:21,1
DA:22,1
DA:23,1
DA:24,1
DA:25,1
DA:28,0
DA:29,0
DA:30,0
DA:31,0
DA:32,0
DA:36,3
DA:40,2
DA:43,4
DA:44,4
DA:45,12
DA:46,6
DA:47,6
DA:48,6
DA:49,4
DA:50,10
DA:51,2
DA:55,1
DA:58,1
DA:59,3
DA:60,5
DA:63,2
DA:64,4
DA:67,0
DA:69,0
DA:72,0
DA:73,0
DA:74,0
DA:76,0
DA:78,0
DA:83,1
DA:87,8
DA:88,6
LF:42
LH:30
end_of_record
SF:lib/cluster_item.dart
DA:8,2
DA:9,3
LF:2
LH:2
end_of_record
SF:lib/algorithms/cluster_algorithm.dart
DA:4,1
DA:15,1
LF:2
LH:2
end_of_record
SF:lib/algorithms/distance_clustering.dart
DA:7,1
DA:24,1
DA:28,1
DA:29,3
DA:35,1
DA:36,1
DA:39,1
DA:40,1
DA:42,0
DA:45,1
DA:46,1
DA:47,1
DA:48,1
DA:49,1
DA:51,1
DA:55,1
DA:57,1
DA:60,2
DA:61,3
DA:67,2
DA:69,1
DA:72,2
DA:73,1
DA:74,1
DA:84,1
DA:85,1
DA:86,1
DA:89,2
DA:90,3
DA:93,2
DA:94,1
DA:96,1
DA:97,1
DA:99,2
DA:100,2
DA:101,1
DA:102,1
DA:103,2
DA:106,1
DA:107,1
DA:109,1
DA:113,1
DA:120,1
DA:125,2
DA:126,3
DA:127,2
DA:128,1
DA:129,1
DA:130,2
DA:132,2
DA:140,1
DA:142,1
DA:144,0
LF:53
LH:51
end_of_record
SF:lib/algorithms/geohash_clustering.dart
DA:6,2
DA:9,1
DA:10,2
DA:13,1
DA:15,1
DA:17,4
DA:19,6
DA:20,1
DA:22,2
DA:24,1
DA:25,6
DA:27,1
LF:12
LH:12
end_of_record
SF:lib/cluster.dart
DA:5,0
DA:7,1
DA:9,1
DA:10,6
DA:11,1
DA:12,6
DA:13,1
DA:16,1
DA:17,5
DA:18,1
DA:19,5
DA:20,5
DA:21,3
DA:22,5
DA:23,5
DA:24,3
DA:29,3
DA:32,0
DA:35,0
DA:36,0
DA:37,0
DA:38,0
DA:39,0
DA:42,0
DA:44,0
DA:47,5
DA:48,0
LF:27
LH:17
end_of_record
SF:lib/cluster_manager.dart
DA:12,0
DA:21,0
DA:22,0
DA:46,2
DA:52,0
DA:61,0
DA:62,0
DA:63,0
DA:64,0
DA:68,0
DA:69,0
DA:72,0
DA:73,0
DA:76,0
DA:78,0
DA:82,0
DA:83,0
DA:84,0
DA:88,0
DA:89,0
DA:90,0
DA:94,0
DA:95,0
DA:97,0
DA:102,0
DA:103,0
DA:105,0
DA:106,0
DA:110,0
DA:111,0
DA:112,0
DA:114,0
DA:115,0
DA:118,0
DA:119,0
DA:120,0
DA:124,0
DA:125,0
DA:126,0
DA:128,0
DA:131,0
DA:134,0
DA:135,0
DA:136,0
DA:137,0
DA:139,0
DA:140,0
DA:145,0
DA:147,0
DA:148,0
DA:150,0
DA:151,0
DA:153,0
DA:157,0
DA:158,0
DA:159,0
DA:160,0
LF:57
LH:1
end_of_record
SF:lib/utils/bitmap_marker.dart
DA:8,0
DA:9,0
DA:10,0
DA:11,0
DA:12,0
DA:13,0
DA:15,0
DA:16,0
DA:20,0
DA:22,0
DA:23,0
DA:24,0
DA:26,0
DA:29,0
DA:30,0
DA:32,0
DA:33,0
DA:37,0
DA:38,0
DA:40,0
DA:44,0
DA:45,0
DA:47,0
LF:23
LH:0
end_of_record
SF:lib/utils/geohash.dart
DA:83,1
DA:84,1
DA:86,0
DA:87,0
DA:89,5
DA:90,5
DA:91,5
DA:92,2
DA:94,0
DA:95,3
DA:97,0
DA:98,3
DA:100,1
DA:102,1
DA:103,1
DA:105,2
DA:109,1
DA:110,1
DA:114,1
DA:115,1
DA:117,3
DA:118,3
DA:119,2
DA:120,3
DA:121,2
DA:122,2
DA:124,3
DA:125,1
DA:129,0
DA:130,0
DA:131,0
DA:133,0
DA:134,0
DA:140,0
DA:143,0
DA:144,0
DA:145,0
DA:147,0
DA:148,0
DA:149,0
DA:150,0
DA:152,0
DA:153,0
DA:155,0
DA:156,0
DA:160,0
DA:161,0
DA:165,0
DA:166,0
DA:167,0
DA:168,0
DA:169,0
DA:170,0
DA:171,0
DA:172,0
DA:173,0
DA:174,0
DA:177,0
DA:178,0
DA:179,0
DA:180,0
DA:181,0
DA:182,0
DA:183,0
DA:184,0
DA:185,0
DA:189,0
DA:190,0
DA:191,0
DA:192,0
DA:193,0
LF:71
LH:24
end_of_record
